[debug] [2018-11-25T15:00:41.284Z] ----------------------------------------------------------------------
[debug] [2018-11-25T15:00:41.286Z] Command:       C:\Program Files\nodejs\node.exe C:\Users\spect\AppData\Roaming\npm\node_modules\firebase-tools\lib\bin\firebase.js init
[debug] [2018-11-25T15:00:41.286Z] CLI Version:   6.1.1
[debug] [2018-11-25T15:00:41.286Z] Platform:      win32
[debug] [2018-11-25T15:00:41.286Z] Node Version:  v10.10.0
[debug] [2018-11-25T15:00:41.288Z] Time:          Sun Nov 25 2018 11:00:41 GMT-0400 (Venezuela Time)
[debug] [2018-11-25T15:00:41.288Z] ----------------------------------------------------------------------
[debug] 
[debug] [2018-11-25T15:00:41.299Z] > command requires scopes: ["email","openid","https://www.googleapis.com/auth/cloudplatformprojects.readonly","https://www.googleapis.com/auth/firebase","https://www.googleapis.com/auth/cloud-platform"]
[debug] [2018-11-25T15:00:41.300Z] > authorizing via signed-in user
[info] 
     ######## #### ########  ######## ########     ###     ######  ########
     ##        ##  ##     ## ##       ##     ##  ##   ##  ##       ##
     ######    ##  ########  ######   ########  #########  ######  ######
     ##        ##  ##    ##  ##       ##     ## ##     ##       ## ##
     ##       #### ##     ## ######## ########  ##     ##  ######  ########

You're about to initialize a Firebase project in this directory:

  C:\Users\spect\Documents\SistemaInfo

Before we get started, keep in mind:

  * You are initializing in an existing Firebase project directory

[debug] [2018-11-25T15:02:19.159Z] ----------------------------------------------------------------------
[debug] [2018-11-25T15:02:19.161Z] Command:       C:\Program Files\nodejs\node.exe C:\Users\spect\AppData\Roaming\npm\node_modules\firebase-tools\lib\bin\firebase.js init
[debug] [2018-11-25T15:02:19.162Z] CLI Version:   6.1.1
[debug] [2018-11-25T15:02:19.162Z] Platform:      win32
[debug] [2018-11-25T15:02:19.162Z] Node Version:  v10.10.0
[debug] [2018-11-25T15:02:19.164Z] Time:          Sun Nov 25 2018 11:02:19 GMT-0400 (Venezuela Time)
[debug] [2018-11-25T15:02:19.164Z] ----------------------------------------------------------------------
[debug] 
[debug] [2018-11-25T15:02:19.176Z] > command requires scopes: ["email","openid","https://www.googleapis.com/auth/cloudplatformprojects.readonly","https://www.googleapis.com/auth/firebase","https://www.googleapis.com/auth/cloud-platform"]
[debug] [2018-11-25T15:02:19.176Z] > authorizing via signed-in user
[info] 
     ######## #### ########  ######## ########     ###     ######  ########
     ##        ##  ##     ## ##       ##     ##  ##   ##  ##       ##
     ######    ##  ########  ######   ########  #########  ######  ######
     ##        ##  ##    ##  ##       ##     ## ##     ##       ## ##
     ##       #### ##     ## ######## ########  ##     ##  ######  ########

You're about to initialize a Firebase project in this directory:

  C:\Users\spect\Documents\SistemaInfo

Before we get started, keep in mind:

  * You are initializing in an existing Firebase project directory

[info] 
=== Project Setup
[info] 
[info] First, let's associate this project directory with a Firebase project.
[info] You can create multiple project aliases by running firebase use --add, 
[info] but for now we'll just set up a default project.
[info] 
[info] i  .firebaserc already has a default project, skipping
[info] 
=== Firestore Setup
[debug] [2018-11-25T15:02:35.900Z] > command requires scopes: ["email","openid","https://www.googleapis.com/auth/cloudplatformprojects.readonly","https://www.googleapis.com/auth/firebase","https://www.googleapis.com/auth/cloud-platform"]
[debug] [2018-11-25T15:02:35.900Z] > authorizing via signed-in user
[debug] [2018-11-25T15:02:35.902Z] >>> HTTP REQUEST GET https://firebase.googleapis.com/v1beta1/projects/umakeit-55b12  
 
[debug] [2018-11-25T15:02:36.336Z] <<< HTTP RESPONSE 200
[info] 
[info] Firestore Security Rules allow you to define how and when to allow
[info] requests. You can keep these rules in your project directory
[info] and publish them with firebase deploy.
[info] 
[debug] [2018-11-25T15:02:47.164Z] >>> HTTP REQUEST GET https://firebaserules.googleapis.com/v1/projects/umakeit-55b12/releases  
 
[debug] [2018-11-25T15:02:47.478Z] <<< HTTP RESPONSE 200
[debug] [2018-11-25T15:02:47.480Z] Found ruleset: projects/umakeit-55b12/rulesets/b74c2b1e-4960-4b23-bda4-b3461acc7233
[debug] [2018-11-25T15:02:47.481Z] >>> HTTP REQUEST GET https://firebaserules.googleapis.com/v1/projects/umakeit-55b12/rulesets/b74c2b1e-4960-4b23-bda4-b3461acc7233  
 
[debug] [2018-11-25T15:02:47.723Z] <<< HTTP RESPONSE 200
[info] 
[info] Firestore indexes allow you to perform complex queries while
[info] maintaining performance that scales with the size of the result
[info] set. You can keep index definitions in your project directory
[info] and publish them with firebase deploy.
[info] 
[debug] [2018-11-25T15:02:55.009Z] >>> HTTP REQUEST GET https://firestore.googleapis.com/v1beta1/projects/umakeit-55b12/databases/(default)/indexes  
 
[debug] [2018-11-25T15:02:56.041Z] <<< HTTP RESPONSE 200
[info] 
=== Hosting Setup
[info] 
[info] Your public directory is the folder (relative to your project directory) that
[info] will contain Hosting assets to be uploaded with firebase deploy. If you
[info] have a build process for your assets, use your build's output directory.
[info] 
[debug] [2018-11-25T15:03:02.068Z] >>> HTTP REQUEST GET https://www.gstatic.com/firebasejs/releases.json  
 
[debug] [2018-11-25T15:03:02.622Z] <<< HTTP RESPONSE 200
[info] +  Wrote public/index.html
[info] 
=== Storage Setup
[info] 
[info] Firebase Storage Security Rules allow you to define how and when to allow
[info] uploads and downloads. You can keep these rules in your project directory
[info] and publish them with firebase deploy.
[info] 
[info] 
=== Project Setup
[info] 
[info] First, let's associate this project directory with a Firebase project.
[info] You can create multiple project aliases by running firebase use --add, 
[info] but for now we'll just set up a default project.
[info] 
[info] i  .firebaserc already has a default project, skipping
[info] 
=== Firestore Setup
[debug] [2018-11-25T15:03:24.687Z] > command requires scopes: ["email","openid","https://www.googleapis.com/auth/cloudplatformprojects.readonly","https://www.googleapis.com/auth/firebase","https://www.googleapis.com/auth/cloud-platform"]
[debug] [2018-11-25T15:03:24.688Z] > authorizing via signed-in user
[debug] [2018-11-25T15:03:24.690Z] >>> HTTP REQUEST GET https://firebase.googleapis.com/v1beta1/projects/umakeit-55b12  
 
[debug] [2018-11-25T15:03:25.205Z] <<< HTTP RESPONSE 200
[info] 
[info] Firestore Security Rules allow you to define how and when to allow
[info] requests. You can keep these rules in your project directory
[info] and publish them with firebase deploy.
[info] 
[debug] [2018-11-25T15:03:35.223Z] >>> HTTP REQUEST GET https://firebaserules.googleapis.com/v1/projects/umakeit-55b12/releases  
 
[debug] [2018-11-25T15:03:35.521Z] <<< HTTP RESPONSE 200
[debug] [2018-11-25T15:03:35.524Z] Found ruleset: projects/umakeit-55b12/rulesets/b74c2b1e-4960-4b23-bda4-b3461acc7233
[debug] [2018-11-25T15:03:35.524Z] >>> HTTP REQUEST GET https://firebaserules.googleapis.com/v1/projects/umakeit-55b12/rulesets/b74c2b1e-4960-4b23-bda4-b3461acc7233  
 
[debug] [2018-11-25T15:03:35.745Z] <<< HTTP RESPONSE 200
[info] 
[info] Firestore indexes allow you to perform complex queries while
[info] maintaining performance that scales with the size of the result
[info] set. You can keep index definitions in your project directory
[info] and publish them with firebase deploy.
[info] 
[debug] [2018-11-25T15:03:41.027Z] >>> HTTP REQUEST GET https://firestore.googleapis.com/v1beta1/projects/umakeit-55b12/databases/(default)/indexes  
 
[debug] [2018-11-25T15:03:41.601Z] <<< HTTP RESPONSE 200
[info] 
=== Hosting Setup
[info] 
[info] Your public directory is the folder (relative to your project directory) that
[info] will contain Hosting assets to be uploaded with firebase deploy. If you
[info] have a build process for your assets, use your build's output directory.
[info] 
